\BOOKMARK [1][-]{section.1}{\376\377\000M\000a\000r\000c\000o\000\040\000T\000e\000\363\000r\000i\000c\000o\000\040\000B\000o\000u\000z\000a\0002\0000\0002\0001}{}% 1
\BOOKMARK [2][-]{subsection.1.1}{\376\377\000N\000o\000t\000a\000c\000i\000\363\000n\000\040\000y\000\040\000d\000e\000f\000i\000n\000i\000c\000i\000\363\000n\000\040\000g\000e\000n\000e\000r\000a\000l}{section.1}% 2
\BOOKMARK [2][-]{subsection.1.2}{\376\377\000C\000l\000a\000s\000e\000s\000\040\000d\000e\000\040\000p\000r\000o\000b\000l\000e\000m\000a\000s\000\040\000y\000\040\000p\000r\000o\000p\000i\000e\000d\000a\000d\000e\000s\000\040\000b\000\341\000s\000i\000c\000a\000s}{section.1}% 3
\BOOKMARK [2][-]{subsection.1.3}{\376\377\000P\000r\000i\000n\000c\000i\000p\000a\000l\000e\000s\000\040\000f\000a\000m\000i\000l\000i\000a\000s\000\040\000d\000e\000\040\000a\000l\000g\000o\000r\000i\000t\000m\000o\000s}{section.1}% 4
\BOOKMARK [3][-]{subsubsection.1.3.1}{\376\377\000M\000\351\000t\000o\000d\000o\000s\000\040\000p\000o\000r\000\040\000d\000i\000r\000e\000c\000c\000i\000o\000n\000e\000s\000\040\000\050\000l\000\355\000n\000e\000a\000\040\000d\000e\000\040\000b\000\372\000s\000q\000u\000e\000d\000a\000\051}{subsection.1.3}% 5
\BOOKMARK [2][-]{subsection.1.4}{\376\377\000D\000i\000r\000e\000c\000c\000i\000o\000n\000e\000s\000\040\000d\000e\000\040\000b\000\372\000s\000q\000u\000e\000d\000a\000\040\000e\000n\000\040\000l\000o\000s\000\040\000m\000\351\000t\000o\000d\000o\000s\000\040\000q\000u\000a\000s\000i\040\023\000N\000e\000w\000t\000o\000n}{section.1}% 6
\BOOKMARK [2][-]{subsection.1.5}{\376\377\000S\000e\000l\000e\000c\000c\000i\000\363\000n\000\040\000d\000e\000l\000\040\000t\000a\000m\000a\000\361\000o\000\040\000d\000e\000\040\000p\000a\000s\000o\000:\000\040\000c\000o\000n\000d\000i\000c\000i\000o\000n\000e\000s\000\040\000d\000e\000\040\000A\000r\000m\000i\000j\000o\000\040\000y\000\040\000d\000e\000\040\000W\000o\000l\000f\000e}{section.1}% 7
\BOOKMARK [3][-]{subsubsection.1.5.1}{\376\377\000M\000\351\000t\000o\000d\000o\000s\000\040\000d\000e\000\040\000r\000e\000g\000i\000\363\000n\000\040\000d\000e\000\040\000c\000o\000n\000f\000i\000a\000n\000z\000a\000\040\000\050\000t\000r\000u\000s\000t\000-\000r\000e\000g\000i\000o\000n\000\051}{subsection.1.5}% 8
\BOOKMARK [3][-]{subsubsection.1.5.2}{\376\377\000M\000\351\000t\000o\000d\000o\000s\000\040\000p\000a\000r\000a\000\040\000p\000r\000o\000b\000l\000e\000m\000a\000s\000\040\000c\000o\000n\000\040\000r\000e\000s\000t\000r\000i\000c\000c\000i\000o\000n\000e\000s}{subsection.1.5}% 9
\BOOKMARK [2][-]{subsection.1.6}{\376\377\000C\000o\000n\000v\000e\000r\000g\000e\000n\000c\000i\000a\000:\000\040\000\363\000r\000d\000e\000n\000e\000s\000\040\000y\000\040\000c\000o\000n\000d\000i\000c\000i\000o\000n\000e\000s}{section.1}% 10
\BOOKMARK [2][-]{subsection.1.7}{\376\377\000C\000r\000i\000t\000e\000r\000i\000o\000s\000\040\000d\000e\000\040\000p\000a\000r\000a\000d\000a\000\040\000y\000\040\000m\000\351\000t\000r\000i\000c\000a\000s\000\040\000n\000u\000m\000\351\000r\000i\000c\000a\000s}{section.1}% 11
\BOOKMARK [2][-]{subsection.1.8}{\376\377\000C\000o\000n\000s\000i\000d\000e\000r\000a\000c\000i\000o\000n\000e\000s\000\040\000n\000u\000m\000\351\000r\000i\000c\000a\000s\000\040\000y\000\040\000p\000r\000\341\000c\000t\000i\000c\000a\000s}{section.1}% 12
\BOOKMARK [1][-]{section.2}{\376\377\000G\000r\000a\000d\000i\000e\000n\000t\000e}{}% 13
\BOOKMARK [1][-]{section.3}{\376\377\000H\000e\000s\000s\000i\000a\000n\000a}{}% 14
\BOOKMARK [1][-]{section.4}{\376\377\000A\000n\000\341\000l\000i\000s\000i\000s\000\040\000d\000e\000\040\000l\000a\000\040\000f\000u\000n\000c\000i\000\363\000n}{}% 15
\BOOKMARK [2][-]{subsection.4.1}{\376\377\000R\000e\000g\000u\000l\000a\000r\000i\000d\000a\000d}{section.4}% 16
\BOOKMARK [2][-]{subsection.4.2}{\376\377\000G\000r\000a\000d\000i\000e\000n\000t\000e}{section.4}% 17
\BOOKMARK [2][-]{subsection.4.3}{\376\377\000P\000u\000n\000t\000o\000s\000\040\000c\000r\000\355\000t\000i\000c\000o\000s}{section.4}% 18
\BOOKMARK [2][-]{subsection.4.4}{\376\377\000H\000e\000s\000s\000i\000a\000n\000o\000\040\000y\000\040\000c\000l\000a\000s\000i\000f\000i\000c\000a\000c\000i\000\363\000n\000\040\000d\000e\000l\000\040\000p\000u\000n\000t\000o\000\040\000c\000r\000\355\000t\000i\000c\000o}{section.4}% 19
\BOOKMARK [2][-]{subsection.4.5}{\376\377\000M\000\355\000n\000i\000m\000o\000\040\000g\000l\000o\000b\000a\000l\000\040\000y\000\040\000c\000o\000m\000p\000o\000r\000t\000a\000m\000i\000e\000n\000t\000o\000\040\000e\000n\000\040\000e\000l\000\040\000i\000n\000f\000i\000n\000i\000t\000o}{section.4}% 20
\BOOKMARK [2][-]{subsection.4.6}{\376\377\000C\000o\000n\000v\000e\000x\000i\000d\000a\000d}{section.4}% 21
\BOOKMARK [2][-]{subsection.4.7}{\376\377\000C\000o\000n\000s\000e\000c\000u\000e\000n\000c\000i\000a\000s\000\040\000p\000r\000\341\000c\000t\000i\000c\000a\000s\000\040\000p\000a\000r\000a\000\040\000a\000l\000g\000o\000r\000i\000t\000m\000o\000s}{section.4}% 22
\BOOKMARK [2][-]{subsection.4.8}{\376\377\000I\000n\000t\000e\000r\000p\000r\000e\000t\000a\000c\000i\000\363\000n\000\040\000g\000e\000o\000m\000\351\000t\000r\000i\000c\000a}{section.4}% 23
\BOOKMARK [2][-]{subsection.4.9}{\376\377\000C\000o\000t\000a\000s\000\040\000y\000\040\000c\000o\000m\000p\000o\000r\000t\000a\000m\000i\000e\000n\000t\000o\000\040\000a\000s\000i\000n\000t\000\363\000t\000i\000c\000o}{section.4}% 24
\BOOKMARK [2][-]{subsection.4.10}{\376\377\000C\000a\000m\000p\000o\000\040\000d\000e\000\040\000g\000r\000a\000d\000i\000e\000n\000t\000e\000s}{section.4}% 25
\BOOKMARK [1][-]{section.5}{\376\377\000B\000i\000b\000l\000i\000o\000g\000r\000a\000f\000\355\000a}{}% 26
